<?xml version="1.0" encoding="UTF-8"?>
<!-- Generated by org.testng.reporters.JUnitReportReporter -->
<testsuite hostname="DESKTOP-0OH831K" failures="0" tests="1" name="secondProjectAuto.MyLoginTestcases" time="4.366" errors="0" timestamp="2024-08-11T21:53:25 EET" skipped="0">
  <testcase classname="secondProjectAuto.MyLoginTestcases" name="myFirstTest" time="4.366"/>
  <system-out/>
</testsuite> <!-- secondProjectAuto.MyLoginTestcases -->
